
aa-cdn.mytaste.org is inactive
applicationinsights.azure.com is inactive
azurewebsites.net is inactive
adt511.net is inactive
adt532.com is inactive
atmtd.com is inactive
asicsverige.com.se is inactive
biddercore.io is inactive
consensu.org is inactive
covatic.io is inactive
cxpublic.com is inactive
bwz.se is inactive
eu-north-1.amazonaws.com is inactive
emg-services.net is inactive
etc.nu is inactive
execute-api.eu-west-1.amazonaws.com is inactive
fathom.wheresmar.co is inactive
caviera-sverige.shop is inactive
guavaaffiliate.blob.core.windows.net is inactive
inevserver.com is inactive
isgprivacy.cbsi.com is inactive
kajabi-cdn.com is inactive
jwpcdn.com is inactive
jst.ai is inactive
kaloo.ga is inactive
k5a.io is inactive
konzilo.net is inactive
mikz.com is inactive
marlin.kumo.at is inactive
monkey.tunnl.com is inactive
optmn.cloud is inactive
organicfruitapps.com is inactive
privacy-mgmt.com is inactive
privacy-center.org is inactive
s.arclk.net is inactive
shortcut.se is inactive
sprinkletxt.com is inactive
stackpathcdn.com is inactive
researchonline.se is inactive
statisticplatform.com is inactive
service.survio.se is inactive
ubembed.com is inactive
topplista24.com is inactive
video-static.tunnl.com is inactive
webformscr.com is inactive
valentinosverige.com is inactive
webpushs.com is inactive
static.influencersofsweden.se is inactive
sch.news is inactive
aa-cdn.mytaste.org is inactive
adt511.net is inactive
adt532.com is inactive
applicationinsights.azure.com is inactive
asicsverige.com.se is inactive
atmtd.com is inactive
azurewebsites.net is inactive
biddercore.io is inactive
bwz.se is inactive
caviera-sverige.shop is inactive
consensu.org is inactive
covatic.io is inactive
cxpublic.com is inactive
emg-services.net is inactive
etc.nu is inactive
eu-north-1.amazonaws.com is inactive
execute-api.eu-west-1.amazonaws.com is inactive
fathom.wheresmar.co is inactive
guavaaffiliate.blob.core.windows.net is inactive
inevserver.com is inactive
isgprivacy.cbsi.com is inactive
jst.ai is inactive
jwpcdn.com is inactive
k5a.io is inactive
kajabi-cdn.com is inactive
kaloo.ga is inactive
konzilo.net is inactive
marlin.kumo.at is inactive
mikz.com is inactive
monkey.tunnl.com is inactive
optmn.cloud is inactive
organicfruitapps.com is inactive
privacy-center.org is inactive
privacy-mgmt.com is inactive
researchonline.se is inactive
s.arclk.net is inactive
sch.news is inactive
service.survio.se is inactive
shortcut.se is inactive
sprinkletxt.com is inactive
stackpathcdn.com is inactive
static.influencersofsweden.se is inactive
statisticplatform.com is inactive
topplista24.com is inactive
ubembed.com is inactive
valentinosverige.com is inactive
video-static.tunnl.com is inactive
webformscr.com is inactive
webpushs.com is inactive
