INFO:root:http://ads.google.com redirects to https://business.google.com/us/google-ads/
INFO:root:http://activate.social redirects to https://try.activate.social
INFO:root:http://cdn.jwplayer.com redirects to https://jwx.com/
INFO:root:http://apsis.one redirects to https://app.apsis.one/index.html
INFO:root:http://apis.google.com redirects to https://developers.google.com/
INFO:root:http://bellmetric.net redirects to https://bmetric.com/
INFO:root:http://bcm.interactives.dk redirects to https://bonnierpublications.com/
INFO:root:http://brandy.bonniernewslifestyle.se redirects to https://www.bonniernews.se
INFO:root:http://ihusbil.se redirects to https://forum.ihusbil.se/start/
INFO:root:http://bytelab.dk redirects to https://www.stacc.com/company/locations/aarhus
INFO:root:http://ck.page redirects to https://kit.com/features/landing-pages
INFO:root:http://connect.nosto.com redirects to https://my.nosto.com/auth/login
INFO:root:http://cookielaw.org redirects to https://www.onetrust.com/products/cookie-consent/
INFO:root:http://cookiepro.com redirects to https://www.onetrust.com/cookiepro/
INFO:root:http://bvads.bovision.se redirects to https://bovision.se/
INFO:root:http://convertkit.com redirects to https://kit.com/
INFO:root:http://cookiebot.eu redirects to https://www.cookiebot.com/
INFO:root:http://cookiehub.eu redirects to https://www.cookiehub.com/
INFO:root:http://conviva.com redirects to https://www.conviva.ai/
INFO:root:http://d2qrdklrsxowl2.cloudfront.net redirects to https://www.brightcove.com/
INFO:root:http://curemedia.se redirects to https://www.curemedia.com//
INFO:root:http://connect.facebook.net redirects to https://www.facebook.com/
INFO:root:http://deals.innocode.no redirects to https://dash.deals.innocode.no
INFO:root:http://driftt.com redirects to https://www.drift.com/
INFO:root:http://drift.com redirects to https://www.salesloft.com/platform/drift
INFO:root:http://easyweb.se redirects to https://www.easyweb.site
INFO:root:http://evidon.com redirects to https://www.crownpeak.com
INFO:root:http://ebbot.eu redirects to https://account.ebbot.eu/realms/ebbot/protocol/openid-connect/auth?client_id=dashboard&state=fd4e7f80-305f-4c04-8d6f-d2e54a7b5df5&redirect_uri=https%3A%2F%2Febbot.eu%2Fauth%3Fauth_callback%3D1&scope=openid&response_type=code
INFO:root:http://fakturino.se redirects to https://krea.se/foretagslan/
INFO:root:http://forms.hsforms.com redirects to https://developers.hubspot.com/
INFO:root:http://natgeotv.com redirects to https://www.nationalgeographic.com/tv/
INFO:root:http://voister.se redirects to https://www.cioanalytics.se
INFO:root:http://fontwp.com redirects to https://kls-tech.ro/
INFO:root:http://google-analytics.com redirects to https://marketingplatform.google.com/about/analytics/
INFO:root:http://harmonious-station-to-station.podplay.com redirects to https://usefathom.com
INFO:root:http://happygreen.se redirects to https://glimja.com/?brand=hg
INFO:root:http://heroaffiliates.com redirects to https://heropartners.io/
INFO:root:http://imgix.net redirects to https://www.imgix.com/
INFO:root:http://jwplayer.com redirects to https://jwx.com/
INFO:root:http://jobtip.se redirects to https://www.jobtip.com/
INFO:root:http://kmail-lists.com redirects to https://www.klaviyo.com/
INFO:root:http://energi.se did not respond within the timeout period
INFO:root:http://skik.se did not respond within the timeout period
INFO:root:http://runtnc.net redirects to http://ww1.runtnc.net
INFO:root:http://app.termly.io did not respond within the timeout period
INFO:root:http://analytics.ozzi.io did not respond within the timeout period
INFO:root:http://analytics.alandpost.com did not respond within the timeout period
INFO:root:http://media.dagensps.se redirects to https://images.dagensps.se/
INFO:root:http://metapic.se redirects to https://metapic.com/
INFO:root:http://misssite.com redirects to https://misshosting.com
INFO:root:http://mtpc.se redirects to https://metapic.com
INFO:root:http://mediacreeper.se redirects to https://mediacreeper.com/index
INFO:root:http://flashback.org did not respond within the timeout period
INFO:root:http://nuance.com redirects to https://dragon.nuance.com/en-us/home
INFO:root:http://onetrust.eu redirects to https://www.onetrust.com/
INFO:root:http://obj.fotosidan.se redirects to https://www.fotosidan.se
INFO:root:http://onrender.com redirects to https://render.com
INFO:root:http://elongroup.se did not respond within the timeout period
INFO:root:http://digiseg.net did not respond within the timeout period
INFO:root:http://pushcrew.com redirects to https://vwo.com/engage/?ref=pc
INFO:root:http://rabble-res.cloudinary.com redirects to https://cloudinary.com
INFO:root:http://res.cloudinary.com redirects to https://cloudinary.com
INFO:root:http://pt.dwcdn.net redirects to https://www.datawrapper.de/
INFO:root:http://episerver.net did not respond within the timeout period
INFO:root:http://rekai.se redirects to https://rek.ai/en
INFO:root:http://shareaholic.net redirects to https://www.shareaholic.com/
INFO:root:http://sannsyn.com redirects to https://antire.com/en/news/antire-kjoper-sannsyn
INFO:root:http://sitegainer.com redirects to https://www.symplify.com/conversion/home
INFO:root:http://supabase.co redirects to https://supabase.com/
INFO:root:http://ramses.nu redirects to https://www.sportality.se/
INFO:root:http://stats.allabolag.se redirects to https://login.microsoftonline.com/7b56e7fe-ca45-43ab-9708-7041a75125d9/oauth2/authorize?response_type=code&client_id=52125f95-f8de-4837-a583-b66debd9c61b&scope=openid%20email%20profile&state=AAMUq1iY-KLeCpXBXy_r1HVwq15CqhunsyoghrPBRc0%3D&redirect_uri=https://stats.allabolag.se/oauth2/authorization/enento&nonce=hdde5fqGD0brpt7kTNe7QTvumSUN_85NK_cQ-GjiWhc
INFO:root:http://storymedia.se redirects to https://fenixmedia.group/
INFO:root:http://treasuredata.com redirects to https://www.treasure.ai/
INFO:root:http://webpower.eu redirects to https://spotler.com/webpower
INFO:root:http://widgets.bonniernewslifestyle.se redirects to https://www.bonniernews.se
INFO:root:http://wishpond.net redirects to https://wishpond.com/
INFO:root:http://wurfl.io redirects to https://web.wurfl.io/
INFO:root:http://widget.playoncenter.com redirects to http://www.playoncenter.com/admin/login
INFO:root:http://youbora.com redirects to https://suite.npaw.com/
INFO:root:http://vk.com redirects to https://m.vk.com/
INFO:root:http://officerstidningen.se did not respond within the timeout period
INFO:root:http://m1.analytics.sitevision-cloud.se did not respond within the timeout period
INFO:root:http://mailmunch.co did not respond within the timeout period
INFO:root:http://matchads.net did not respond within the timeout period
INFO:root:http://mtst.io did not respond within the timeout period
INFO:root:http://nordiskskog.se did not respond within the timeout period
INFO:root:http://notedmedia.se did not respond within the timeout period
INFO:root:http://owa.agriprim.se did not respond within the timeout period
INFO:root:http://pji.nu did not respond within the timeout period
INFO:root:http://proxyas.com did not respond within the timeout period
INFO:root:http://rentify.se did not respond within the timeout period
INFO:root:http://sellingsimplified.net did not respond within the timeout period
INFO:root:http://stats.helsingborg.se did not respond within the timeout period
INFO:root:http://tibaco.net did not respond within the timeout period
INFO:root:http://hapyak.com did not respond within the timeout period
INFO:root:http://tourn.se did not respond within the timeout period
INFO:root:http://typkanske.se did not respond within the timeout period
INFO:root:http://rpofsweden.com did not respond within the timeout period
INFO:root:http://alphalete.com.se did not respond within the timeout period
INFO:root:http://viralize.tv did not respond within the timeout period
INFO:root:http://tourn.co redirects to https://tourn.com/
