
Error getting WHOIS info for asicsverige.com.se: # Copyright (c) 1997- The Swedish Internet Foundation.
# All rights reserved.
# The information obtained through searches, or otherwise, is protected
# by the Swedish Copyright Act (1960:729) and international conventions.
# It is also subject to database protection according to the Swedish
# Copyright Act.
# Any use of this material to target advertising or
# similar activities is forbidden and will be prosecuted.
# If any of the information below is transferred to a third
# party, it must be done in its entirety. This server must
# not be used as a backend for a search engine.
# Result of search for registered domain names under
# the .se top level domain.
# This whois printout is printed with UTF-8 encoding.
#
domain "asicsverige.com.se" not found.

Error getting WHOIS info for altrasverige.com.se: # Copyright (c) 1997- The Swedish Internet Foundation.
# All rights reserved.
# The information obtained through searches, or otherwise, is protected
# by the Swedish Copyright Act (1960:729) and international conventions.
# It is also subject to database protection according to the Swedish
# Copyright Act.
# Any use of this material to target advertising or
# similar activities is forbidden and will be prosecuted.
# If any of the information below is transferred to a third
# party, it must be done in its entirety. This server must
# not be used as a backend for a search engine.
# Result of search for registered domain names under
# the .se top level domain.
# This whois printout is printed with UTF-8 encoding.
#
domain "altrasverige.com.se" not found.

Error getting WHOIS info for alkemi.com.se: # Copyright (c) 1997- The Swedish Internet Foundation.
# All rights reserved.
# The information obtained through searches, or otherwise, is protected
# by the Swedish Copyright Act (1960:729) and international conventions.
# It is also subject to database protection according to the Swedish
# Copyright Act.
# Any use of this material to target advertising or
# similar activities is forbidden and will be prosecuted.
# If any of the information below is transferred to a third
# party, it must be done in its entirety. This server must
# not be used as a backend for a search engine.
# Result of search for registered domain names under
# the .se top level domain.
# This whois printout is printed with UTF-8 encoding.
#
domain "alkemi.com.se" not found.

Error getting WHOIS info for borsvarlden-banners.azurewebsites.net: No match for "BORSVARLDEN-BANNERS.AZUREWEBSITES.NET".
>>> Last update of whois database: 2023-11-11T07:15:10Z <<<

NOTICE: The expiration date displayed in this record is the date the
registrar's sponsorship of the domain name registration in the registry is
currently set to expire. This date does not necessarily reflect the expiration
date of the domain name registrant's agreement with the sponsoring
registrar.  Users may consult the sponsoring registrar's Whois database to
view the registrar's reported date of expiration for this registration.

TERMS OF USE: You are not authorized to access or query our Whois
database through the use of electronic processes that are high-volume and
automated except as reasonably necessary to register domain names or
modify existing registrations; the Data in VeriSign Global Registry
Services' ("VeriSign") Whois database is provided by VeriSign for
information purposes only, and to assist persons in obtaining information
about or related to a domain name registration record. VeriSign does not
guarantee its accuracy. By submitting a Whois query, you agree to abide
by the following terms of use: You agree that you may use this Data only
for lawful purposes and that under no circumstances will you use this Data
to: (1) allow, enable, or otherwise support the transmission of mass
unsolicited, commercial advertising or solicitations via e-mail, telephone,
or facsimile; or (2) enable high volume, automated, electronic processes
that apply to VeriSign (or its computer systems). The compilation,
repackaging, dissemination or other use of this Data is expressly
prohibited without the prior written consent of VeriSign. You agree not to
use electronic processes that are automated and high-volume to access or
query the Whois database except as reasonably necessary to register
domain names or modify existing registrations. VeriSign reserves the right
to restrict your access to the Whois database in its sole discretion to ensure
operational stability.  VeriSign may restrict or terminate your access to the
Whois database for failure to abide by these terms of use. VeriSign
reserves the right to modify these terms at any time.

The Registry database contains ONLY .COM, .NET, .EDU domains and
Registrars.

Error getting WHOIS info for campersverige.com.se: # Copyright (c) 1997- The Swedish Internet Foundation.
# All rights reserved.
# The information obtained through searches, or otherwise, is protected
# by the Swedish Copyright Act (1960:729) and international conventions.
# It is also subject to database protection according to the Swedish
# Copyright Act.
# Any use of this material to target advertising or
# similar activities is forbidden and will be prosecuted.
# If any of the information below is transferred to a third
# party, it must be done in its entirety. This server must
# not be used as a backend for a search engine.
# Result of search for registered domain names under
# the .se top level domain.
# This whois printout is printed with UTF-8 encoding.
#
domain "campersverige.com.se" not found.

Error getting WHOIS info for d11j2g8hmtmh4u.cloudfront.net: No match for "D11J2G8HMTMH4U.CLOUDFRONT.NET".
>>> Last update of whois database: 2023-11-11T07:15:10Z <<<

NOTICE: The expiration date displayed in this record is the date the
registrar's sponsorship of the domain name registration in the registry is
currently set to expire. This date does not necessarily reflect the expiration
date of the domain name registrant's agreement with the sponsoring
registrar.  Users may consult the sponsoring registrar's Whois database to
view the registrar's reported date of expiration for this registration.

TERMS OF USE: You are not authorized to access or query our Whois
database through the use of electronic processes that are high-volume and
automated except as reasonably necessary to register domain names or
modify existing registrations; the Data in VeriSign Global Registry
Services' ("VeriSign") Whois database is provided by VeriSign for
information purposes only, and to assist persons in obtaining information
about or related to a domain name registration record. VeriSign does not
guarantee its accuracy. By submitting a Whois query, you agree to abide
by the following terms of use: You agree that you may use this Data only
for lawful purposes and that under no circumstances will you use this Data
to: (1) allow, enable, or otherwise support the transmission of mass
unsolicited, commercial advertising or solicitations via e-mail, telephone,
or facsimile; or (2) enable high volume, automated, electronic processes
that apply to VeriSign (or its computer systems). The compilation,
repackaging, dissemination or other use of this Data is expressly
prohibited without the prior written consent of VeriSign. You agree not to
use electronic processes that are automated and high-volume to access or
query the Whois database except as reasonably necessary to register
domain names or modify existing registrations. VeriSign reserves the right
to restrict your access to the Whois database in its sole discretion to ensure
operational stability.  VeriSign may restrict or terminate your access to the
Whois database for failure to abide by these terms of use. VeriSign
reserves the right to modify these terms at any time.

The Registry database contains ONLY .COM, .NET, .EDU domains and
Registrars.

Error getting WHOIS info for d1ggib8p3xdn3u.cloudfront.net: No match for "D1GGIB8P3XDN3U.CLOUDFRONT.NET".
>>> Last update of whois database: 2023-11-11T07:15:10Z <<<

NOTICE: The expiration date displayed in this record is the date the
registrar's sponsorship of the domain name registration in the registry is
currently set to expire. This date does not necessarily reflect the expiration
date of the domain name registrant's agreement with the sponsoring
registrar.  Users may consult the sponsoring registrar's Whois database to
view the registrar's reported date of expiration for this registration.

TERMS OF USE: You are not authorized to access or query our Whois
database through the use of electronic processes that are high-volume and
automated except as reasonably necessary to register domain names or
modify existing registrations; the Data in VeriSign Global Registry
Services' ("VeriSign") Whois database is provided by VeriSign for
information purposes only, and to assist persons in obtaining information
about or related to a domain name registration record. VeriSign does not
guarantee its accuracy. By submitting a Whois query, you agree to abide
by the following terms of use: You agree that you may use this Data only
for lawful purposes and that under no circumstances will you use this Data
to: (1) allow, enable, or otherwise support the transmission of mass
unsolicited, commercial advertising or solicitations via e-mail, telephone,
or facsimile; or (2) enable high volume, automated, electronic processes
that apply to VeriSign (or its computer systems). The compilation,
repackaging, dissemination or other use of this Data is expressly
prohibited without the prior written consent of VeriSign. You agree not to
use electronic processes that are automated and high-volume to access or
query the Whois database except as reasonably necessary to register
domain names or modify existing registrations. VeriSign reserves the right
to restrict your access to the Whois database in its sole discretion to ensure
operational stability.  VeriSign may restrict or terminate your access to the
Whois database for failure to abide by these terms of use. VeriSign
reserves the right to modify these terms at any time.

The Registry database contains ONLY .COM, .NET, .EDU domains and
Registrars.

Error getting WHOIS info for d2m8uxg4w7uelx.cloudfront.net: No match for "D2M8UXG4W7UELX.CLOUDFRONT.NET".
>>> Last update of whois database: 2023-11-11T07:15:10Z <<<

NOTICE: The expiration date displayed in this record is the date the
registrar's sponsorship of the domain name registration in the registry is
currently set to expire. This date does not necessarily reflect the expiration
date of the domain name registrant's agreement with the sponsoring
registrar.  Users may consult the sponsoring registrar's Whois database to
view the registrar's reported date of expiration for this registration.

TERMS OF USE: You are not authorized to access or query our Whois
database through the use of electronic processes that are high-volume and
automated except as reasonably necessary to register domain names or
modify existing registrations; the Data in VeriSign Global Registry
Services' ("VeriSign") Whois database is provided by VeriSign for
information purposes only, and to assist persons in obtaining information
about or related to a domain name registration record. VeriSign does not
guarantee its accuracy. By submitting a Whois query, you agree to abide
by the following terms of use: You agree that you may use this Data only
for lawful purposes and that under no circumstances will you use this Data
to: (1) allow, enable, or otherwise support the transmission of mass
unsolicited, commercial advertising or solicitations via e-mail, telephone,
or facsimile; or (2) enable high volume, automated, electronic processes
that apply to VeriSign (or its computer systems). The compilation,
repackaging, dissemination or other use of this Data is expressly
prohibited without the prior written consent of VeriSign. You agree not to
use electronic processes that are automated and high-volume to access or
query the Whois database except as reasonably necessary to register
domain names or modify existing registrations. VeriSign reserves the right
to restrict your access to the Whois database in its sole discretion to ensure
operational stability.  VeriSign may restrict or terminate your access to the
Whois database for failure to abide by these terms of use. VeriSign
reserves the right to modify these terms at any time.

The Registry database contains ONLY .COM, .NET, .EDU domains and
Registrars.

Error getting WHOIS info for chaco.com.se: # Copyright (c) 1997- The Swedish Internet Foundation.
# All rights reserved.
# The information obtained through searches, or otherwise, is protected
# by the Swedish Copyright Act (1960:729) and international conventions.
# It is also subject to database protection according to the Swedish
# Copyright Act.
# Any use of this material to target advertising or
# similar activities is forbidden and will be prosecuted.
# If any of the information below is transferred to a third
# party, it must be done in its entirety. This server must
# not be used as a backend for a search engine.
# Result of search for registered domain names under
# the .se top level domain.
# This whois printout is printed with UTF-8 encoding.
#
domain "chaco.com.se" not found.

Error getting WHOIS info for championsverige.com.se: # Copyright (c) 1997- The Swedish Internet Foundation.
# All rights reserved.
# The information obtained through searches, or otherwise, is protected
# by the Swedish Copyright Act (1960:729) and international conventions.
# It is also subject to database protection according to the Swedish
# Copyright Act.
# Any use of this material to target advertising or
# similar activities is forbidden and will be prosecuted.
# If any of the information below is transferred to a third
# party, it must be done in its entirety. This server must
# not be used as a backend for a search engine.
# Result of search for registered domain names under
# the .se top level domain.
# This whois printout is printed with UTF-8 encoding.
#
domain "championsverige.com.se" not found.

Error getting WHOIS info for d16fx559zbp759.cloudfront.net: No match for "D16FX559ZBP759.CLOUDFRONT.NET".
>>> Last update of whois database: 2023-11-11T07:15:10Z <<<

NOTICE: The expiration date displayed in this record is the date the
registrar's sponsorship of the domain name registration in the registry is
currently set to expire. This date does not necessarily reflect the expiration
date of the domain name registrant's agreement with the sponsoring
registrar.  Users may consult the sponsoring registrar's Whois database to
view the registrar's reported date of expiration for this registration.

TERMS OF USE: You are not authorized to access or query our Whois
database through the use of electronic processes that are high-volume and
automated except as reasonably necessary to register domain names or
modify existing registrations; the Data in VeriSign Global Registry
Services' ("VeriSign") Whois database is provided by VeriSign for
information purposes only, and to assist persons in obtaining information
about or related to a domain name registration record. VeriSign does not
guarantee its accuracy. By submitting a Whois query, you agree to abide
by the following terms of use: You agree that you may use this Data only
for lawful purposes and that under no circumstances will you use this Data
to: (1) allow, enable, or otherwise support the transmission of mass
unsolicited, commercial advertising or solicitations via e-mail, telephone,
or facsimile; or (2) enable high volume, automated, electronic processes
that apply to VeriSign (or its computer systems). The compilation,
repackaging, dissemination or other use of this Data is expressly
prohibited without the prior written consent of VeriSign. You agree not to
use electronic processes that are automated and high-volume to access or
query the Whois database except as reasonably necessary to register
domain names or modify existing registrations. VeriSign reserves the right
to restrict your access to the Whois database in its sole discretion to ensure
operational stability.  VeriSign may restrict or terminate your access to the
Whois database for failure to abide by these terms of use. VeriSign
reserves the right to modify these terms at any time.

The Registry database contains ONLY .COM, .NET, .EDU domains and
Registrars.

Error getting WHOIS info for d10lumateci472.cloudfront.net: No match for "D10LUMATECI472.CLOUDFRONT.NET".
>>> Last update of whois database: 2023-11-11T07:15:10Z <<<

NOTICE: The expiration date displayed in this record is the date the
registrar's sponsorship of the domain name registration in the registry is
currently set to expire. This date does not necessarily reflect the expiration
date of the domain name registrant's agreement with the sponsoring
registrar.  Users may consult the sponsoring registrar's Whois database to
view the registrar's reported date of expiration for this registration.

TERMS OF USE: You are not authorized to access or query our Whois
database through the use of electronic processes that are high-volume and
automated except as reasonably necessary to register domain names or
modify existing registrations; the Data in VeriSign Global Registry
Services' ("VeriSign") Whois database is provided by VeriSign for
information purposes only, and to assist persons in obtaining information
about or related to a domain name registration record. VeriSign does not
guarantee its accuracy. By submitting a Whois query, you agree to abide
by the following terms of use: You agree that you may use this Data only
for lawful purposes and that under no circumstances will you use this Data
to: (1) allow, enable, or otherwise support the transmission of mass
unsolicited, commercial advertising or solicitations via e-mail, telephone,
or facsimile; or (2) enable high volume, automated, electronic processes
that apply to VeriSign (or its computer systems). The compilation,
repackaging, dissemination or other use of this Data is expressly
prohibited without the prior written consent of VeriSign. You agree not to
use electronic processes that are automated and high-volume to access or
query the Whois database except as reasonably necessary to register
domain names or modify existing registrations. VeriSign reserves the right
to restrict your access to the Whois database in its sole discretion to ensure
operational stability.  VeriSign may restrict or terminate your access to the
Whois database for failure to abide by these terms of use. VeriSign
reserves the right to modify these terms at any time.

The Registry database contains ONLY .COM, .NET, .EDU domains and
Registrars.

Error getting WHOIS info for d9v72urx9pbbc.cloudfront.net: No match for "D9V72URX9PBBC.CLOUDFRONT.NET".
>>> Last update of whois database: 2023-11-11T07:15:10Z <<<

NOTICE: The expiration date displayed in this record is the date the
registrar's sponsorship of the domain name registration in the registry is
currently set to expire. This date does not necessarily reflect the expiration
date of the domain name registrant's agreement with the sponsoring
registrar.  Users may consult the sponsoring registrar's Whois database to
view the registrar's reported date of expiration for this registration.

TERMS OF USE: You are not authorized to access or query our Whois
database through the use of electronic processes that are high-volume and
automated except as reasonably necessary to register domain names or
modify existing registrations; the Data in VeriSign Global Registry
Services' ("VeriSign") Whois database is provided by VeriSign for
information purposes only, and to assist persons in obtaining information
about or related to a domain name registration record. VeriSign does not
guarantee its accuracy. By submitting a Whois query, you agree to abide
by the following terms of use: You agree that you may use this Data only
for lawful purposes and that under no circumstances will you use this Data
to: (1) allow, enable, or otherwise support the transmission of mass
unsolicited, commercial advertising or solicitations via e-mail, telephone,
or facsimile; or (2) enable high volume, automated, electronic processes
that apply to VeriSign (or its computer systems). The compilation,
repackaging, dissemination or other use of this Data is expressly
prohibited without the prior written consent of VeriSign. You agree not to
use electronic processes that are automated and high-volume to access or
query the Whois database except as reasonably necessary to register
domain names or modify existing registrations. VeriSign reserves the right
to restrict your access to the Whois database in its sole discretion to ensure
operational stability.  VeriSign may restrict or terminate your access to the
Whois database for failure to abide by these terms of use. VeriSign
reserves the right to modify these terms at any time.

The Registry database contains ONLY .COM, .NET, .EDU domains and
Registrars.

Error getting WHOIS info for d24rtvkqjwgutp.cloudfront.net: No match for "D24RTVKQJWGUTP.CLOUDFRONT.NET".
>>> Last update of whois database: 2023-11-11T07:15:10Z <<<

NOTICE: The expiration date displayed in this record is the date the
registrar's sponsorship of the domain name registration in the registry is
currently set to expire. This date does not necessarily reflect the expiration
date of the domain name registrant's agreement with the sponsoring
registrar.  Users may consult the sponsoring registrar's Whois database to
view the registrar's reported date of expiration for this registration.

TERMS OF USE: You are not authorized to access or query our Whois
database through the use of electronic processes that are high-volume and
automated except as reasonably necessary to register domain names or
modify existing registrations; the Data in VeriSign Global Registry
Services' ("VeriSign") Whois database is provided by VeriSign for
information purposes only, and to assist persons in obtaining information
about or related to a domain name registration record. VeriSign does not
guarantee its accuracy. By submitting a Whois query, you agree to abide
by the following terms of use: You agree that you may use this Data only
for lawful purposes and that under no circumstances will you use this Data
to: (1) allow, enable, or otherwise support the transmission of mass
unsolicited, commercial advertising or solicitations via e-mail, telephone,
or facsimile; or (2) enable high volume, automated, electronic processes
that apply to VeriSign (or its computer systems). The compilation,
repackaging, dissemination or other use of this Data is expressly
prohibited without the prior written consent of VeriSign. You agree not to
use electronic processes that are automated and high-volume to access or
query the Whois database except as reasonably necessary to register
domain names or modify existing registrations. VeriSign reserves the right
to restrict your access to the Whois database in its sole discretion to ensure
operational stability.  VeriSign may restrict or terminate your access to the
Whois database for failure to abide by these terms of use. VeriSign
reserves the right to modify these terms at any time.

The Registry database contains ONLY .COM, .NET, .EDU domains and
Registrars.

Error getting WHOIS info for d1dy2xw1aqg7xq.cloudfront.net: No match for "D1DY2XW1AQG7XQ.CLOUDFRONT.NET".
>>> Last update of whois database: 2023-11-11T07:15:10Z <<<

NOTICE: The expiration date displayed in this record is the date the
registrar's sponsorship of the domain name registration in the registry is
currently set to expire. This date does not necessarily reflect the expiration
date of the domain name registrant's agreement with the sponsoring
registrar.  Users may consult the sponsoring registrar's Whois database to
view the registrar's reported date of expiration for this registration.

TERMS OF USE: You are not authorized to access or query our Whois
database through the use of electronic processes that are high-volume and
automated except as reasonably necessary to register domain names or
modify existing registrations; the Data in VeriSign Global Registry
Services' ("VeriSign") Whois database is provided by VeriSign for
information purposes only, and to assist persons in obtaining information
about or related to a domain name registration record. VeriSign does not
guarantee its accuracy. By submitting a Whois query, you agree to abide
by the following terms of use: You agree that you may use this Data only
for lawful purposes and that under no circumstances will you use this Data
to: (1) allow, enable, or otherwise support the transmission of mass
unsolicited, commercial advertising or solicitations via e-mail, telephone,
or facsimile; or (2) enable high volume, automated, electronic processes
that apply to VeriSign (or its computer systems). The compilation,
repackaging, dissemination or other use of this Data is expressly
prohibited without the prior written consent of VeriSign. You agree not to
use electronic processes that are automated and high-volume to access or
query the Whois database except as reasonably necessary to register
domain names or modify existing registrations. VeriSign reserves the right
to restrict your access to the Whois database in its sole discretion to ensure
operational stability.  VeriSign may restrict or terminate your access to the
Whois database for failure to abide by these terms of use. VeriSign
reserves the right to modify these terms at any time.

The Registry database contains ONLY .COM, .NET, .EDU domains and
Registrars.

Error getting WHOIS info for d1gwclp1pmzk26.cloudfront.net: No match for "D1GWCLP1PMZK26.CLOUDFRONT.NET".
>>> Last update of whois database: 2023-11-11T07:15:10Z <<<

NOTICE: The expiration date displayed in this record is the date the
registrar's sponsorship of the domain name registration in the registry is
currently set to expire. This date does not necessarily reflect the expiration
date of the domain name registrant's agreement with the sponsoring
registrar.  Users may consult the sponsoring registrar's Whois database to
view the registrar's reported date of expiration for this registration.

TERMS OF USE: You are not authorized to access or query our Whois
database through the use of electronic processes that are high-volume and
automated except as reasonably necessary to register domain names or
modify existing registrations; the Data in VeriSign Global Registry
Services' ("VeriSign") Whois database is provided by VeriSign for
information purposes only, and to assist persons in obtaining information
about or related to a domain name registration record. VeriSign does not
guarantee its accuracy. By submitting a Whois query, you agree to abide
by the following terms of use: You agree that you may use this Data only
for lawful purposes and that under no circumstances will you use this Data
to: (1) allow, enable, or otherwise support the transmission of mass
unsolicited, commercial advertising or solicitations via e-mail, telephone,
or facsimile; or (2) enable high volume, automated, electronic processes
that apply to VeriSign (or its computer systems). The compilation,
repackaging, dissemination or other use of this Data is expressly
prohibited without the prior written consent of VeriSign. You agree not to
use electronic processes that are automated and high-volume to access or
query the Whois database except as reasonably necessary to register
domain names or modify existing registrations. VeriSign reserves the right
to restrict your access to the Whois database in its sole discretion to ensure
operational stability.  VeriSign may restrict or terminate your access to the
Whois database for failure to abide by these terms of use. VeriSign
reserves the right to modify these terms at any time.

The Registry database contains ONLY .COM, .NET, .EDU domains and
Registrars.

Error getting WHOIS info for d31djwpx7pcvsr.cloudfront.net: No match for "D31DJWPX7PCVSR.CLOUDFRONT.NET".
>>> Last update of whois database: 2023-11-11T07:15:10Z <<<

NOTICE: The expiration date displayed in this record is the date the
registrar's sponsorship of the domain name registration in the registry is
currently set to expire. This date does not necessarily reflect the expiration
date of the domain name registrant's agreement with the sponsoring
registrar.  Users may consult the sponsoring registrar's Whois database to
view the registrar's reported date of expiration for this registration.

TERMS OF USE: You are not authorized to access or query our Whois
database through the use of electronic processes that are high-volume and
automated except as reasonably necessary to register domain names or
modify existing registrations; the Data in VeriSign Global Registry
Services' ("VeriSign") Whois database is provided by VeriSign for
information purposes only, and to assist persons in obtaining information
about or related to a domain name registration record. VeriSign does not
guarantee its accuracy. By submitting a Whois query, you agree to abide
by the following terms of use: You agree that you may use this Data only
for lawful purposes and that under no circumstances will you use this Data
to: (1) allow, enable, or otherwise support the transmission of mass
unsolicited, commercial advertising or solicitations via e-mail, telephone,
or facsimile; or (2) enable high volume, automated, electronic processes
that apply to VeriSign (or its computer systems). The compilation,
repackaging, dissemination or other use of this Data is expressly
prohibited without the prior written consent of VeriSign. You agree not to
use electronic processes that are automated and high-volume to access or
query the Whois database except as reasonably necessary to register
domain names or modify existing registrations. VeriSign reserves the right
to restrict your access to the Whois database in its sole discretion to ensure
operational stability.  VeriSign may restrict or terminate your access to the
Whois database for failure to abide by these terms of use. VeriSign
reserves the right to modify these terms at any time.

The Registry database contains ONLY .COM, .NET, .EDU domains and
Registrars.

Error getting WHOIS info for dbf0a92kfjvxs.cloudfront.net: No match for "DBF0A92KFJVXS.CLOUDFRONT.NET".
>>> Last update of whois database: 2023-11-11T07:15:10Z <<<

NOTICE: The expiration date displayed in this record is the date the
registrar's sponsorship of the domain name registration in the registry is
currently set to expire. This date does not necessarily reflect the expiration
date of the domain name registrant's agreement with the sponsoring
registrar.  Users may consult the sponsoring registrar's Whois database to
view the registrar's reported date of expiration for this registration.

TERMS OF USE: You are not authorized to access or query our Whois
database through the use of electronic processes that are high-volume and
automated except as reasonably necessary to register domain names or
modify existing registrations; the Data in VeriSign Global Registry
Services' ("VeriSign") Whois database is provided by VeriSign for
information purposes only, and to assist persons in obtaining information
about or related to a domain name registration record. VeriSign does not
guarantee its accuracy. By submitting a Whois query, you agree to abide
by the following terms of use: You agree that you may use this Data only
for lawful purposes and that under no circumstances will you use this Data
to: (1) allow, enable, or otherwise support the transmission of mass
unsolicited, commercial advertising or solicitations via e-mail, telephone,
or facsimile; or (2) enable high volume, automated, electronic processes
that apply to VeriSign (or its computer systems). The compilation,
repackaging, dissemination or other use of this Data is expressly
prohibited without the prior written consent of VeriSign. You agree not to
use electronic processes that are automated and high-volume to access or
query the Whois database except as reasonably necessary to register
domain names or modify existing registrations. VeriSign reserves the right
to restrict your access to the Whois database in its sole discretion to ensure
operational stability.  VeriSign may restrict or terminate your access to the
Whois database for failure to abide by these terms of use. VeriSign
reserves the right to modify these terms at any time.

The Registry database contains ONLY .COM, .NET, .EDU domains and
Registrars.

Error getting WHOIS info for diu127fbe6pn6.cloudfront.net: No match for "DIU127FBE6PN6.CLOUDFRONT.NET".
>>> Last update of whois database: 2023-11-11T07:15:10Z <<<

NOTICE: The expiration date displayed in this record is the date the
registrar's sponsorship of the domain name registration in the registry is
currently set to expire. This date does not necessarily reflect the expiration
date of the domain name registrant's agreement with the sponsoring
registrar.  Users may consult the sponsoring registrar's Whois database to
view the registrar's reported date of expiration for this registration.

TERMS OF USE: You are not authorized to access or query our Whois
database through the use of electronic processes that are high-volume and
automated except as reasonably necessary to register domain names or
modify existing registrations; the Data in VeriSign Global Registry
Services' ("VeriSign") Whois database is provided by VeriSign for
information purposes only, and to assist persons in obtaining information
about or related to a domain name registration record. VeriSign does not
guarantee its accuracy. By submitting a Whois query, you agree to abide
by the following terms of use: You agree that you may use this Data only
for lawful purposes and that under no circumstances will you use this Data
to: (1) allow, enable, or otherwise support the transmission of mass
unsolicited, commercial advertising or solicitations via e-mail, telephone,
or facsimile; or (2) enable high volume, automated, electronic processes
that apply to VeriSign (or its computer systems). The compilation,
repackaging, dissemination or other use of this Data is expressly
prohibited without the prior written consent of VeriSign. You agree not to
use electronic processes that are automated and high-volume to access or
query the Whois database except as reasonably necessary to register
domain names or modify existing registrations. VeriSign reserves the right
to restrict your access to the Whois database in its sole discretion to ensure
operational stability.  VeriSign may restrict or terminate your access to the
Whois database for failure to abide by these terms of use. VeriSign
reserves the right to modify these terms at any time.

The Registry database contains ONLY .COM, .NET, .EDU domains and
Registrars.

Error getting WHOIS info for dsms0mj1bbhn4.cloudfront.net: No match for "DSMS0MJ1BBHN4.CLOUDFRONT.NET".
>>> Last update of whois database: 2023-11-11T07:15:10Z <<<

NOTICE: The expiration date displayed in this record is the date the
registrar's sponsorship of the domain name registration in the registry is
currently set to expire. This date does not necessarily reflect the expiration
date of the domain name registrant's agreement with the sponsoring
registrar.  Users may consult the sponsoring registrar's Whois database to
view the registrar's reported date of expiration for this registration.

TERMS OF USE: You are not authorized to access or query our Whois
database through the use of electronic processes that are high-volume and
automated except as reasonably necessary to register domain names or
modify existing registrations; the Data in VeriSign Global Registry
Services' ("VeriSign") Whois database is provided by VeriSign for
information purposes only, and to assist persons in obtaining information
about or related to a domain name registration record. VeriSign does not
guarantee its accuracy. By submitting a Whois query, you agree to abide
by the following terms of use: You agree that you may use this Data only
for lawful purposes and that under no circumstances will you use this Data
to: (1) allow, enable, or otherwise support the transmission of mass
unsolicited, commercial advertising or solicitations via e-mail, telephone,
or facsimile; or (2) enable high volume, automated, electronic processes
that apply to VeriSign (or its computer systems). The compilation,
repackaging, dissemination or other use of this Data is expressly
prohibited without the prior written consent of VeriSign. You agree not to
use electronic processes that are automated and high-volume to access or
query the Whois database except as reasonably necessary to register
domain names or modify existing registrations. VeriSign reserves the right
to restrict your access to the Whois database in its sole discretion to ensure
operational stability.  VeriSign may restrict or terminate your access to the
Whois database for failure to abide by these terms of use. VeriSign
reserves the right to modify these terms at any time.

The Registry database contains ONLY .COM, .NET, .EDU domains and
Registrars.

Error getting WHOIS info for dakine.com.se: # Copyright (c) 1997- The Swedish Internet Foundation.
# All rights reserved.
# The information obtained through searches, or otherwise, is protected
# by the Swedish Copyright Act (1960:729) and international conventions.
# It is also subject to database protection according to the Swedish
# Copyright Act.
# Any use of this material to target advertising or
# similar activities is forbidden and will be prosecuted.
# If any of the information below is transferred to a third
# party, it must be done in its entirety. This server must
# not be used as a backend for a search engine.
# Result of search for registered domain names under
# the .se top level domain.
# This whois printout is printed with UTF-8 encoding.
#
domain "dakine.com.se" not found.

Error getting WHOIS info for europe-west1-bonnier-big-data.cloudfunctions.net: No match for "EUROPE-WEST1-BONNIER-BIG-DATA.CLOUDFUNCTIONS.NET".
>>> Last update of whois database: 2023-11-11T07:15:10Z <<<

NOTICE: The expiration date displayed in this record is the date the
registrar's sponsorship of the domain name registration in the registry is
currently set to expire. This date does not necessarily reflect the expiration
date of the domain name registrant's agreement with the sponsoring
registrar.  Users may consult the sponsoring registrar's Whois database to
view the registrar's reported date of expiration for this registration.

TERMS OF USE: You are not authorized to access or query our Whois
database through the use of electronic processes that are high-volume and
automated except as reasonably necessary to register domain names or
modify existing registrations; the Data in VeriSign Global Registry
Services' ("VeriSign") Whois database is provided by VeriSign for
information purposes only, and to assist persons in obtaining information
about or related to a domain name registration record. VeriSign does not
guarantee its accuracy. By submitting a Whois query, you agree to abide
by the following terms of use: You agree that you may use this Data only
for lawful purposes and that under no circumstances will you use this Data
to: (1) allow, enable, or otherwise support the transmission of mass
unsolicited, commercial advertising or solicitations via e-mail, telephone,
or facsimile; or (2) enable high volume, automated, electronic processes
that apply to VeriSign (or its computer systems). The compilation,
repackaging, dissemination or other use of this Data is expressly
prohibited without the prior written consent of VeriSign. You agree not to
use electronic processes that are automated and high-volume to access or
query the Whois database except as reasonably necessary to register
domain names or modify existing registrations. VeriSign reserves the right
to restrict your access to the Whois database in its sole discretion to ensure
operational stability.  VeriSign may restrict or terminate your access to the
Whois database for failure to abide by these terms of use. VeriSign
reserves the right to modify these terms at any time.

The Registry database contains ONLY .COM, .NET, .EDU domains and
Registrars.

Error getting WHOIS info for fila.com.se: # Copyright (c) 1997- The Swedish Internet Foundation.
# All rights reserved.
# The information obtained through searches, or otherwise, is protected
# by the Swedish Copyright Act (1960:729) and international conventions.
# It is also subject to database protection according to the Swedish
# Copyright Act.
# Any use of this material to target advertising or
# similar activities is forbidden and will be prosecuted.
# If any of the information below is transferred to a third
# party, it must be done in its entirety. This server must
# not be used as a backend for a search engine.
# Result of search for registered domain names under
# the .se top level domain.
# This whois printout is printed with UTF-8 encoding.
#
domain "fila.com.se" not found.

Error getting WHOIS info for guesssverige.com.se: # Copyright (c) 1997- The Swedish Internet Foundation.
# All rights reserved.
# The information obtained through searches, or otherwise, is protected
# by the Swedish Copyright Act (1960:729) and international conventions.
# It is also subject to database protection according to the Swedish
# Copyright Act.
# Any use of this material to target advertising or
# similar activities is forbidden and will be prosecuted.
# If any of the information below is transferred to a third
# party, it must be done in its entirety. This server must
# not be used as a backend for a search engine.
# Result of search for registered domain names under
# the .se top level domain.
# This whois printout is printed with UTF-8 encoding.
#
domain "guesssverige.com.se" not found.

Error getting WHOIS info for girohjalm.com.se: # Copyright (c) 1997- The Swedish Internet Foundation.
# All rights reserved.
# The information obtained through searches, or otherwise, is protected
# by the Swedish Copyright Act (1960:729) and international conventions.
# It is also subject to database protection according to the Swedish
# Copyright Act.
# Any use of this material to target advertising or
# similar activities is forbidden and will be prosecuted.
# If any of the information below is transferred to a third
# party, it must be done in its entirety. This server must
# not be used as a backend for a search engine.
# Result of search for registered domain names under
# the .se top level domain.
# This whois printout is printed with UTF-8 encoding.
#
domain "girohjalm.com.se" not found.

Error getting WHOIS info for gymshark-sweden.com.se: # Copyright (c) 1997- The Swedish Internet Foundation.
# All rights reserved.
# The information obtained through searches, or otherwise, is protected
# by the Swedish Copyright Act (1960:729) and international conventions.
# It is also subject to database protection according to the Swedish
# Copyright Act.
# Any use of this material to target advertising or
# similar activities is forbidden and will be prosecuted.
# If any of the information below is transferred to a third
# party, it must be done in its entirety. This server must
# not be used as a backend for a search engine.
# Result of search for registered domain names under
# the .se top level domain.
# This whois printout is printed with UTF-8 encoding.
#
domain "gymshark-sweden.com.se" not found.

Error getting WHOIS info for gym-shark-sverige.com.se: # Copyright (c) 1997- The Swedish Internet Foundation.
# All rights reserved.
# The information obtained through searches, or otherwise, is protected
# by the Swedish Copyright Act (1960:729) and international conventions.
# It is also subject to database protection according to the Swedish
# Copyright Act.
# Any use of this material to target advertising or
# similar activities is forbidden and will be prosecuted.
# If any of the information below is transferred to a third
# party, it must be done in its entirety. This server must
# not be used as a backend for a search engine.
# Result of search for registered domain names under
# the .se top level domain.
# This whois printout is printed with UTF-8 encoding.
#
domain "gym-shark-sverige.com.se" not found.

Error getting WHOIS info for inevserver.com: No match for "INEVSERVER.COM".
>>> Last update of whois database: 2023-11-11T07:15:10Z <<<

NOTICE: The expiration date displayed in this record is the date the
registrar's sponsorship of the domain name registration in the registry is
currently set to expire. This date does not necessarily reflect the expiration
date of the domain name registrant's agreement with the sponsoring
registrar.  Users may consult the sponsoring registrar's Whois database to
view the registrar's reported date of expiration for this registration.

TERMS OF USE: You are not authorized to access or query our Whois
database through the use of electronic processes that are high-volume and
automated except as reasonably necessary to register domain names or
modify existing registrations; the Data in VeriSign Global Registry
Services' ("VeriSign") Whois database is provided by VeriSign for
information purposes only, and to assist persons in obtaining information
about or related to a domain name registration record. VeriSign does not
guarantee its accuracy. By submitting a Whois query, you agree to abide
by the following terms of use: You agree that you may use this Data only
for lawful purposes and that under no circumstances will you use this Data
to: (1) allow, enable, or otherwise support the transmission of mass
unsolicited, commercial advertising or solicitations via e-mail, telephone,
or facsimile; or (2) enable high volume, automated, electronic processes
that apply to VeriSign (or its computer systems). The compilation,
repackaging, dissemination or other use of this Data is expressly
prohibited without the prior written consent of VeriSign. You agree not to
use electronic processes that are automated and high-volume to access or
query the Whois database except as reasonably necessary to register
domain names or modify existing registrations. VeriSign reserves the right
to restrict your access to the Whois database in its sole discretion to ensure
operational stability.  VeriSign may restrict or terminate your access to the
Whois database for failure to abide by these terms of use. VeriSign
reserves the right to modify these terms at any time.

The Registry database contains ONLY .COM, .NET, .EDU domains and
Registrars.

Error getting WHOIS info for hollistersverige.com.se: # Copyright (c) 1997- The Swedish Internet Foundation.
# All rights reserved.
# The information obtained through searches, or otherwise, is protected
# by the Swedish Copyright Act (1960:729) and international conventions.
# It is also subject to database protection according to the Swedish
# Copyright Act.
# Any use of this material to target advertising or
# similar activities is forbidden and will be prosecuted.
# If any of the information below is transferred to a third
# party, it must be done in its entirety. This server must
# not be used as a backend for a search engine.
# Result of search for registered domain names under
# the .se top level domain.
# This whois printout is printed with UTF-8 encoding.
#
domain "hollistersverige.com.se" not found.

Error getting WHOIS info for inov-8.com.se: # Copyright (c) 1997- The Swedish Internet Foundation.
# All rights reserved.
# The information obtained through searches, or otherwise, is protected
# by the Swedish Copyright Act (1960:729) and international conventions.
# It is also subject to database protection according to the Swedish
# Copyright Act.
# Any use of this material to target advertising or
# similar activities is forbidden and will be prosecuted.
# If any of the information below is transferred to a third
# party, it must be done in its entirety. This server must
# not be used as a backend for a search engine.
# Result of search for registered domain names under
# the .se top level domain.
# This whois printout is printed with UTF-8 encoding.
#
domain "inov-8.com.se" not found.

Error getting WHOIS info for jackwolfskinsverige.com.se: # Copyright (c) 1997- The Swedish Internet Foundation.
# All rights reserved.
# The information obtained through searches, or otherwise, is protected
# by the Swedish Copyright Act (1960:729) and international conventions.
# It is also subject to database protection according to the Swedish
# Copyright Act.
# Any use of this material to target advertising or
# similar activities is forbidden and will be prosecuted.
# If any of the information below is transferred to a third
# party, it must be done in its entirety. This server must
# not be used as a backend for a search engine.
# Result of search for registered domain names under
# the .se top level domain.
# This whois printout is printed with UTF-8 encoding.
#
domain "jackwolfskinsverige.com.se" not found.

Error getting WHOIS info for keenstockholm.com.se: # Copyright (c) 1997- The Swedish Internet Foundation.
# All rights reserved.
# The information obtained through searches, or otherwise, is protected
# by the Swedish Copyright Act (1960:729) and international conventions.
# It is also subject to database protection according to the Swedish
# Copyright Act.
# Any use of this material to target advertising or
# similar activities is forbidden and will be prosecuted.
# If any of the information below is transferred to a third
# party, it must be done in its entirety. This server must
# not be used as a backend for a search engine.
# Result of search for registered domain names under
# the .se top level domain.
# This whois printout is printed with UTF-8 encoding.
#
domain "keenstockholm.com.se" not found.

Error getting WHOIS info for footjoygolfskorrea.com.se: # Copyright (c) 1997- The Swedish Internet Foundation.
# All rights reserved.
# The information obtained through searches, or otherwise, is protected
# by the Swedish Copyright Act (1960:729) and international conventions.
# It is also subject to database protection according to the Swedish
# Copyright Act.
# Any use of this material to target advertising or
# similar activities is forbidden and will be prosecuted.
# If any of the information below is transferred to a third
# party, it must be done in its entirety. This server must
# not be used as a backend for a search engine.
# Result of search for registered domain names under
# the .se top level domain.
# This whois printout is printed with UTF-8 encoding.
#
domain "footjoygolfskorrea.com.se" not found.

Error getting WHOIS info for loewe.com.se: # Copyright (c) 1997- The Swedish Internet Foundation.
# All rights reserved.
# The information obtained through searches, or otherwise, is protected
# by the Swedish Copyright Act (1960:729) and international conventions.
# It is also subject to database protection according to the Swedish
# Copyright Act.
# Any use of this material to target advertising or
# similar activities is forbidden and will be prosecuted.
# If any of the information below is transferred to a third
# party, it must be done in its entirety. This server must
# not be used as a backend for a search engine.
# Result of search for registered domain names under
# the .se top level domain.
# This whois printout is printed with UTF-8 encoding.
#
domain "loewe.com.se" not found.

Error getting WHOIS info for longchampstockholm.com.se: # Copyright (c) 1997- The Swedish Internet Foundation.
# All rights reserved.
# The information obtained through searches, or otherwise, is protected
# by the Swedish Copyright Act (1960:729) and international conventions.
# It is also subject to database protection according to the Swedish
# Copyright Act.
# Any use of this material to target advertising or
# similar activities is forbidden and will be prosecuted.
# If any of the information below is transferred to a third
# party, it must be done in its entirety. This server must
# not be used as a backend for a search engine.
# Result of search for registered domain names under
# the .se top level domain.
# This whois printout is printed with UTF-8 encoding.
#
domain "longchampstockholm.com.se" not found.

Error getting WHOIS info for mcgtrack.herokuapp.com: No match for "MCGTRACK.HEROKUAPP.COM".
>>> Last update of whois database: 2023-11-11T07:15:10Z <<<

NOTICE: The expiration date displayed in this record is the date the
registrar's sponsorship of the domain name registration in the registry is
currently set to expire. This date does not necessarily reflect the expiration
date of the domain name registrant's agreement with the sponsoring
registrar.  Users may consult the sponsoring registrar's Whois database to
view the registrar's reported date of expiration for this registration.

TERMS OF USE: You are not authorized to access or query our Whois
database through the use of electronic processes that are high-volume and
automated except as reasonably necessary to register domain names or
modify existing registrations; the Data in VeriSign Global Registry
Services' ("VeriSign") Whois database is provided by VeriSign for
information purposes only, and to assist persons in obtaining information
about or related to a domain name registration record. VeriSign does not
guarantee its accuracy. By submitting a Whois query, you agree to abide
by the following terms of use: You agree that you may use this Data only
for lawful purposes and that under no circumstances will you use this Data
to: (1) allow, enable, or otherwise support the transmission of mass
unsolicited, commercial advertising or solicitations via e-mail, telephone,
or facsimile; or (2) enable high volume, automated, electronic processes
that apply to VeriSign (or its computer systems). The compilation,
repackaging, dissemination or other use of this Data is expressly
prohibited without the prior written consent of VeriSign. You agree not to
use electronic processes that are automated and high-volume to access or
query the Whois database except as reasonably necessary to register
domain names or modify existing registrations. VeriSign reserves the right
to restrict your access to the Whois database in its sole discretion to ensure
operational stability.  VeriSign may restrict or terminate your access to the
Whois database for failure to abide by these terms of use. VeriSign
reserves the right to modify these terms at any time.

The Registry database contains ONLY .COM, .NET, .EDU domains and
Registrars.

Error getting WHOIS info for marcjacobssverige.com.se: # Copyright (c) 1997- The Swedish Internet Foundation.
# All rights reserved.
# The information obtained through searches, or otherwise, is protected
# by the Swedish Copyright Act (1960:729) and international conventions.
# It is also subject to database protection according to the Swedish
# Copyright Act.
# Any use of this material to target advertising or
# similar activities is forbidden and will be prosecuted.
# If any of the information below is transferred to a third
# party, it must be done in its entirety. This server must
# not be used as a backend for a search engine.
# Result of search for registered domain names under
# the .se top level domain.
# This whois printout is printed with UTF-8 encoding.
#
domain "marcjacobssverige.com.se" not found.

Error getting WHOIS info for marmotsverige.com.se: # Copyright (c) 1997- The Swedish Internet Foundation.
# All rights reserved.
# The information obtained through searches, or otherwise, is protected
# by the Swedish Copyright Act (1960:729) and international conventions.
# It is also subject to database protection according to the Swedish
# Copyright Act.
# Any use of this material to target advertising or
# similar activities is forbidden and will be prosecuted.
# If any of the information below is transferred to a third
# party, it must be done in its entirety. This server must
# not be used as a backend for a search engine.
# Result of search for registered domain names under
# the .se top level domain.
# This whois printout is printed with UTF-8 encoding.
#
domain "marmotsverige.com.se" not found.

Error getting WHOIS info for nobull-sverige.com.se: # Copyright (c) 1997- The Swedish Internet Foundation.
# All rights reserved.
# The information obtained through searches, or otherwise, is protected
# by the Swedish Copyright Act (1960:729) and international conventions.
# It is also subject to database protection according to the Swedish
# Copyright Act.
# Any use of this material to target advertising or
# similar activities is forbidden and will be prosecuted.
# If any of the information below is transferred to a third
# party, it must be done in its entirety. This server must
# not be used as a backend for a search engine.
# Result of search for registered domain names under
# the .se top level domain.
# This whois printout is printed with UTF-8 encoding.
#
domain "nobull-sverige.com.se" not found.

Error getting WHOIS info for alphalete.com.se: # Copyright (c) 1997- The Swedish Internet Foundation.
# All rights reserved.
# The information obtained through searches, or otherwise, is protected
# by the Swedish Copyright Act (1960:729) and international conventions.
# It is also subject to database protection according to the Swedish
# Copyright Act.
# Any use of this material to target advertising or
# similar activities is forbidden and will be prosecuted.
# If any of the information below is transferred to a third
# party, it must be done in its entirety. This server must
# not be used as a backend for a search engine.
# Result of search for registered domain names under
# the .se top level domain.
# This whois printout is printed with UTF-8 encoding.
#
domain "alphalete.com.se" not found.

Error getting WHOIS info for palmangelssverige.com.se: # Copyright (c) 1997- The Swedish Internet Foundation.
# All rights reserved.
# The information obtained through searches, or otherwise, is protected
# by the Swedish Copyright Act (1960:729) and international conventions.
# It is also subject to database protection according to the Swedish
# Copyright Act.
# Any use of this material to target advertising or
# similar activities is forbidden and will be prosecuted.
# If any of the information below is transferred to a third
# party, it must be done in its entirety. This server must
# not be used as a backend for a search engine.
# Result of search for registered domain names under
# the .se top level domain.
# This whois printout is printed with UTF-8 encoding.
#
domain "palmangelssverige.com.se" not found.

Error getting WHOIS info for snt-matrix-app.herokuapp.com: No match for "SNT-MATRIX-APP.HEROKUAPP.COM".
>>> Last update of whois database: 2023-11-11T07:15:10Z <<<

NOTICE: The expiration date displayed in this record is the date the
registrar's sponsorship of the domain name registration in the registry is
currently set to expire. This date does not necessarily reflect the expiration
date of the domain name registrant's agreement with the sponsoring
registrar.  Users may consult the sponsoring registrar's Whois database to
view the registrar's reported date of expiration for this registration.

TERMS OF USE: You are not authorized to access or query our Whois
database through the use of electronic processes that are high-volume and
automated except as reasonably necessary to register domain names or
modify existing registrations; the Data in VeriSign Global Registry
Services' ("VeriSign") Whois database is provided by VeriSign for
information purposes only, and to assist persons in obtaining information
about or related to a domain name registration record. VeriSign does not
guarantee its accuracy. By submitting a Whois query, you agree to abide
by the following terms of use: You agree that you may use this Data only
for lawful purposes and that under no circumstances will you use this Data
to: (1) allow, enable, or otherwise support the transmission of mass
unsolicited, commercial advertising or solicitations via e-mail, telephone,
or facsimile; or (2) enable high volume, automated, electronic processes
that apply to VeriSign (or its computer systems). The compilation,
repackaging, dissemination or other use of this Data is expressly
prohibited without the prior written consent of VeriSign. You agree not to
use electronic processes that are automated and high-volume to access or
query the Whois database except as reasonably necessary to register
domain names or modify existing registrations. VeriSign reserves the right
to restrict your access to the Whois database in its sole discretion to ensure
operational stability.  VeriSign may restrict or terminate your access to the
Whois database for failure to abide by these terms of use. VeriSign
reserves the right to modify these terms at any time.

The Registry database contains ONLY .COM, .NET, .EDU domains and
Registrars.

Error getting WHOIS info for serenitycandles.com.se: # Copyright (c) 1997- The Swedish Internet Foundation.
# All rights reserved.
# The information obtained through searches, or otherwise, is protected
# by the Swedish Copyright Act (1960:729) and international conventions.
# It is also subject to database protection according to the Swedish
# Copyright Act.
# Any use of this material to target advertising or
# similar activities is forbidden and will be prosecuted.
# If any of the information below is transferred to a third
# party, it must be done in its entirety. This server must
# not be used as a backend for a search engine.
# Result of search for registered domain names under
# the .se top level domain.
# This whois printout is printed with UTF-8 encoding.
#
domain "serenitycandles.com.se" not found.

Error getting WHOIS info for storage.googleapis.com: No match for "STORAGE.GOOGLEAPIS.COM".
>>> Last update of whois database: 2023-11-11T07:15:10Z <<<

NOTICE: The expiration date displayed in this record is the date the
registrar's sponsorship of the domain name registration in the registry is
currently set to expire. This date does not necessarily reflect the expiration
date of the domain name registrant's agreement with the sponsoring
registrar.  Users may consult the sponsoring registrar's Whois database to
view the registrar's reported date of expiration for this registration.

TERMS OF USE: You are not authorized to access or query our Whois
database through the use of electronic processes that are high-volume and
automated except as reasonably necessary to register domain names or
modify existing registrations; the Data in VeriSign Global Registry
Services' ("VeriSign") Whois database is provided by VeriSign for
information purposes only, and to assist persons in obtaining information
about or related to a domain name registration record. VeriSign does not
guarantee its accuracy. By submitting a Whois query, you agree to abide
by the following terms of use: You agree that you may use this Data only
for lawful purposes and that under no circumstances will you use this Data
to: (1) allow, enable, or otherwise support the transmission of mass
unsolicited, commercial advertising or solicitations via e-mail, telephone,
or facsimile; or (2) enable high volume, automated, electronic processes
that apply to VeriSign (or its computer systems). The compilation,
repackaging, dissemination or other use of this Data is expressly
prohibited without the prior written consent of VeriSign. You agree not to
use electronic processes that are automated and high-volume to access or
query the Whois database except as reasonably necessary to register
domain names or modify existing registrations. VeriSign reserves the right
to restrict your access to the Whois database in its sole discretion to ensure
operational stability.  VeriSign may restrict or terminate your access to the
Whois database for failure to abide by these terms of use. VeriSign
reserves the right to modify these terms at any time.

The Registry database contains ONLY .COM, .NET, .EDU domains and
Registrars.

Error getting WHOIS info for topplista24.com: No match for "TOPPLISTA24.COM".
>>> Last update of whois database: 2023-11-11T07:15:10Z <<<

NOTICE: The expiration date displayed in this record is the date the
registrar's sponsorship of the domain name registration in the registry is
currently set to expire. This date does not necessarily reflect the expiration
date of the domain name registrant's agreement with the sponsoring
registrar.  Users may consult the sponsoring registrar's Whois database to
view the registrar's reported date of expiration for this registration.

TERMS OF USE: You are not authorized to access or query our Whois
database through the use of electronic processes that are high-volume and
automated except as reasonably necessary to register domain names or
modify existing registrations; the Data in VeriSign Global Registry
Services' ("VeriSign") Whois database is provided by VeriSign for
information purposes only, and to assist persons in obtaining information
about or related to a domain name registration record. VeriSign does not
guarantee its accuracy. By submitting a Whois query, you agree to abide
by the following terms of use: You agree that you may use this Data only
for lawful purposes and that under no circumstances will you use this Data
to: (1) allow, enable, or otherwise support the transmission of mass
unsolicited, commercial advertising or solicitations via e-mail, telephone,
or facsimile; or (2) enable high volume, automated, electronic processes
that apply to VeriSign (or its computer systems). The compilation,
repackaging, dissemination or other use of this Data is expressly
prohibited without the prior written consent of VeriSign. You agree not to
use electronic processes that are automated and high-volume to access or
query the Whois database except as reasonably necessary to register
domain names or modify existing registrations. VeriSign reserves the right
to restrict your access to the Whois database in its sole discretion to ensure
operational stability.  VeriSign may restrict or terminate your access to the
Whois database for failure to abide by these terms of use. VeriSign
reserves the right to modify these terms at any time.

The Registry database contains ONLY .COM, .NET, .EDU domains and
Registrars.

Error getting WHOIS info for vejaskor.com.se: # Copyright (c) 1997- The Swedish Internet Foundation.
# All rights reserved.
# The information obtained through searches, or otherwise, is protected
# by the Swedish Copyright Act (1960:729) and international conventions.
# It is also subject to database protection according to the Swedish
# Copyright Act.
# Any use of this material to target advertising or
# similar activities is forbidden and will be prosecuted.
# If any of the information below is transferred to a third
# party, it must be done in its entirety. This server must
# not be used as a backend for a search engine.
# Result of search for registered domain names under
# the .se top level domain.
# This whois printout is printed with UTF-8 encoding.
#
domain "vejaskor.com.se" not found.

Error getting WHOIS info for vejaskorstockholm.com.se: # Copyright (c) 1997- The Swedish Internet Foundation.
# All rights reserved.
# The information obtained through searches, or otherwise, is protected
# by the Swedish Copyright Act (1960:729) and international conventions.
# It is also subject to database protection according to the Swedish
# Copyright Act.
# Any use of this material to target advertising or
# similar activities is forbidden and will be prosecuted.
# If any of the information below is transferred to a third
# party, it must be done in its entirety. This server must
# not be used as a backend for a search engine.
# Result of search for registered domain names under
# the .se top level domain.
# This whois printout is printed with UTF-8 encoding.
#
domain "vejaskorstockholm.com.se" not found.

Error getting WHOIS info for barbours.com.se: # Copyright (c) 1997- The Swedish Internet Foundation.
# All rights reserved.
# The information obtained through searches, or otherwise, is protected
# by the Swedish Copyright Act (1960:729) and international conventions.
# It is also subject to database protection according to the Swedish
# Copyright Act.
# Any use of this material to target advertising or
# similar activities is forbidden and will be prosecuted.
# If any of the information below is transferred to a third
# party, it must be done in its entirety. This server must
# not be used as a backend for a search engine.
# Result of search for registered domain names under
# the .se top level domain.
# This whois printout is printed with UTF-8 encoding.
#
domain "barbours.com.se" not found.

alkemi.com.se is inactive
alphalete.com.se is inactive
altrasverige.com.se is inactive
asicsverige.com.se is inactive
barbours.com.se is inactive
borsvarlden-banners.azurewebsites.net is inactive
campersverige.com.se is inactive
chaco.com.se is inactive
championsverige.com.se is inactive
d10lumateci472.cloudfront.net is inactive
d11j2g8hmtmh4u.cloudfront.net is inactive
d16fx559zbp759.cloudfront.net is inactive
d1dy2xw1aqg7xq.cloudfront.net is inactive
d1ggib8p3xdn3u.cloudfront.net is inactive
d1gwclp1pmzk26.cloudfront.net is inactive
d24rtvkqjwgutp.cloudfront.net is inactive
d2m8uxg4w7uelx.cloudfront.net is inactive
d31djwpx7pcvsr.cloudfront.net is inactive
d9v72urx9pbbc.cloudfront.net is inactive
dakine.com.se is inactive
dbf0a92kfjvxs.cloudfront.net is inactive
diu127fbe6pn6.cloudfront.net is inactive
dsms0mj1bbhn4.cloudfront.net is inactive
europe-west1-bonnier-big-data.cloudfunctions.net is inactive
fila.com.se is inactive
footjoygolfskorrea.com.se is inactive
girohjalm.com.se is inactive
guesssverige.com.se is inactive
gym-shark-sverige.com.se is inactive
gymshark-sweden.com.se is inactive
hollistersverige.com.se is inactive
inevserver.com is inactive
inov-8.com.se is inactive
jackwolfskinsverige.com.se is inactive
keenstockholm.com.se is inactive
loewe.com.se is inactive
longchampstockholm.com.se is inactive
marcjacobssverige.com.se is inactive
marmotsverige.com.se is inactive
mcgtrack.herokuapp.com is inactive
nobull-sverige.com.se is inactive
palmangelssverige.com.se is inactive
serenitycandles.com.se is inactive
snt-matrix-app.herokuapp.com is inactive
storage.googleapis.com is inactive
topplista24.com is inactive
vejaskor.com.se is inactive
vejaskorstockholm.com.se is inactive
